TN:
SF:code.ts
FN:13,colorToHex
FN:26,extractColors
FN:29,(anonymous_2)
FN:33,(anonymous_3)
FN:41,serializePaints
FN:45,(anonymous_5)
FN:57,(anonymous_6)
FN:77,serializeEffects
FN:78,(anonymous_8)
FN:90,inspectSelectedNode
FN:314,analyzeNode
FN:398,(anonymous_11)
FN:403,analyzePage
FN:454,(anonymous_13)
FN:459,(anonymous_14)
FN:522,sendSelectionUpdate
FN:546,(anonymous_16)
FN:557,initPlugin
FN:563,(anonymous_18)
FN:572,(anonymous_19)
FNF:20
FNH:15
FNDA:128,colorToHex
FNDA:4201149,extractColors
FNDA:119,(anonymous_2)
FNDA:2,(anonymous_3)
FNDA:33,serializePaints
FNDA:2,(anonymous_5)
FNDA:0,(anonymous_6)
FNDA:17,serializeEffects
FNDA:0,(anonymous_8)
FNDA:20,inspectSelectedNode
FNDA:2100574,analyzeNode
FNDA:2099268,(anonymous_11)
FNDA:26,analyzePage
FNDA:1137,(anonymous_13)
FNDA:57,(anonymous_14)
FNDA:5,sendSelectionUpdate
FNDA:0,(anonymous_16)
FNDA:5,initPlugin
FNDA:0,(anonymous_18)
FNDA:0,(anonymous_19)
DA:4,5
DA:13,5
DA:14,128
DA:15,128
DA:16,128
DA:17,128
DA:19,128
DA:20,1
DA:22,127
DA:26,5
DA:27,4201149
DA:29,4201147
DA:30,119
DA:31,118
DA:32,1
DA:33,1
DA:34,2
DA:42,33
DA:43,33
DA:45,33
DA:46,2
DA:47,2
DA:53,0
DA:55,0
DA:57,0
DA:64,0
DA:65,0
DA:72,0
DA:78,17
DA:90,5
DA:91,20
DA:93,20
DA:94,20
DA:103,19
DA:104,19
DA:105,19
DA:107,0
DA:111,19
DA:112,19
DA:113,17
DA:116,1
DA:117,1
DA:120,19
DA:121,19
DA:122,17
DA:125,0
DA:126,0
DA:129,19
DA:130,19
DA:131,1
DA:134,0
DA:138,19
DA:139,19
DA:140,1
DA:154,0
DA:155,0
DA:159,19
DA:160,19
DA:161,1
DA:164,0
DA:165,0
DA:169,19
DA:170,19
DA:171,17
DA:174,1
DA:175,1
DA:178,19
DA:179,19
DA:180,17
DA:181,17
DA:182,17
DA:185,0
DA:186,0
DA:190,19
DA:191,19
DA:192,17
DA:195,0
DA:196,0
DA:200,19
DA:201,19
DA:202,1
DA:205,0
DA:209,19
DA:210,19
DA:211,2
DA:224,0
DA:225,0
DA:229,19
DA:230,19
DA:231,1
DA:237,0
DA:238,0
DA:241,19
DA:242,19
DA:243,1
DA:250,0
DA:251,0
DA:255,19
DA:256,19
DA:257,1
DA:266,0
DA:267,0
DA:271,19
DA:272,19
DA:273,0
DA:276,0
DA:280,19
DA:281,19
DA:282,2
DA:285,0
DA:289,19
DA:290,2
DA:293,19
DA:296,1
DA:297,1
DA:298,1
DA:300,1
DA:301,1
DA:302,1
DA:304,1
DA:314,5
DA:315,2100574
DA:318,2100574
DA:321,2100574
DA:322,2100574
DA:325,2100574
DA:326,4
DA:327,4
DA:328,2100570
DA:329,7
DA:330,7
DA:331,7
DA:333,2100563
DA:334,1
DA:338,2100574
DA:339,165
DA:340,165
DA:343,165
DA:345,115
DA:348,115
DA:352,165
DA:353,165
DA:354,165
DA:358,165
DA:359,0
DA:364,2100574
DA:365,2100571
DA:366,2100571
DA:367,0
DA:371,2100574
DA:372,2100571
DA:373,2100571
DA:374,0
DA:378,2100574
DA:379,2100571
DA:380,0
DA:385,2100574
DA:386,2100571
DA:388,36
DA:397,2100574
DA:398,2099268
DA:403,5
DA:404,26
DA:405,26
DA:407,26
DA:408,2
DA:412,2
DA:415,24
DA:454,1137
DA:457,23
DA:458,23
DA:459,23
DA:460,57
DA:461,57
DA:463,23
DA:466,23
DA:467,23
DA:470,23
DA:508,23
DA:514,1
DA:523,5
DA:525,5
DA:526,5
DA:530,5
DA:533,0
DA:534,0
DA:535,0
DA:541,0
DA:546,0
DA:557,5
DA:558,5
DA:560,5
DA:563,5
DA:564,0
DA:566,5
DA:569,5
DA:572,5
DA:573,0
DA:574,0
DA:575,0
DA:577,0
DA:578,0
DA:585,5
DA:586,5
LF:204
LH:159
BRDA:17,0,0,128
BRDA:17,0,1,0
BRDA:19,1,0,1
BRDA:27,2,0,2
BRDA:27,3,0,4201149
BRDA:27,3,1,4201148
BRDA:30,4,0,118
BRDA:30,4,1,1
BRDA:30,5,0,119
BRDA:30,5,1,118
BRDA:32,6,0,1
BRDA:32,7,0,1
BRDA:32,7,1,0
BRDA:32,7,2,0
BRDA:32,7,3,0
BRDA:42,8,0,0
BRDA:43,9,0,0
BRDA:46,10,0,2
BRDA:46,10,1,0
BRDA:53,11,0,0
BRDA:53,11,1,0
BRDA:53,12,0,0
BRDA:53,12,1,0
BRDA:53,12,2,0
BRDA:53,12,3,0
BRDA:64,13,0,0
BRDA:81,14,0,0
BRDA:81,14,1,0
BRDA:82,15,0,0
BRDA:82,15,1,0
BRDA:83,16,0,0
BRDA:83,16,1,0
BRDA:84,17,0,0
BRDA:84,17,1,0
BRDA:85,18,0,0
BRDA:85,18,1,0
BRDA:104,19,0,17
BRDA:105,20,0,17
BRDA:112,21,0,17
BRDA:112,22,0,19
BRDA:112,22,1,17
BRDA:121,23,0,17
BRDA:121,24,0,19
BRDA:121,24,1,17
BRDA:130,25,0,1
BRDA:139,26,0,1
BRDA:139,27,0,19
BRDA:139,27,1,1
BRDA:160,28,0,1
BRDA:170,29,0,17
BRDA:179,30,0,17
BRDA:181,31,0,1
BRDA:181,31,1,16
BRDA:182,32,0,1
BRDA:182,32,1,16
BRDA:191,33,0,17
BRDA:201,34,0,1
BRDA:201,35,0,19
BRDA:201,35,1,1
BRDA:210,36,0,2
BRDA:214,37,0,1
BRDA:214,37,1,1
BRDA:230,38,0,1
BRDA:242,39,0,1
BRDA:256,40,0,1
BRDA:256,41,0,19
BRDA:256,41,1,18
BRDA:256,41,2,18
BRDA:258,42,0,1
BRDA:258,42,1,0
BRDA:259,43,0,1
BRDA:259,43,1,0
BRDA:272,44,0,0
BRDA:281,45,0,2
BRDA:289,46,0,2
BRDA:308,47,0,1
BRDA:308,47,1,0
BRDA:314,48,0,0
BRDA:318,49,0,2100574
BRDA:318,49,1,57
BRDA:322,50,0,2100574
BRDA:322,50,1,79
BRDA:325,51,0,4
BRDA:325,51,1,2100570
BRDA:328,52,0,7
BRDA:328,52,1,2100563
BRDA:330,53,0,7
BRDA:333,54,0,1
BRDA:338,55,0,165
BRDA:343,56,0,115
BRDA:345,57,0,1
BRDA:345,57,1,114
BRDA:353,58,0,165
BRDA:358,59,0,0
BRDA:358,60,0,165
BRDA:358,60,1,0
BRDA:364,61,0,2100571
BRDA:364,62,0,2100574
BRDA:364,62,1,2100571
BRDA:366,63,0,0
BRDA:366,64,0,2100571
BRDA:366,64,1,0
BRDA:366,64,2,0
BRDA:371,65,0,2100571
BRDA:371,66,0,2100574
BRDA:371,66,1,2100571
BRDA:373,67,0,0
BRDA:373,68,0,2100571
BRDA:373,68,1,0
BRDA:373,68,2,0
BRDA:378,69,0,2100571
BRDA:378,70,0,2100574
BRDA:378,70,1,2100571
BRDA:379,71,0,0
BRDA:379,72,0,2100571
BRDA:379,72,1,0
BRDA:379,72,2,0
BRDA:385,73,0,2100571
BRDA:385,74,0,2100574
BRDA:385,74,1,2100571
BRDA:386,75,0,36
BRDA:386,76,0,2100571
BRDA:386,76,1,2100537
BRDA:397,77,0,1049641
BRDA:407,78,0,2
BRDA:463,79,0,21
BRDA:463,79,1,2
BRDA:516,80,0,1
BRDA:516,80,1,0
BRDA:525,81,0,5
BRDA:533,82,0,0
BRDA:533,82,1,0
BRDA:558,83,0,5
BRDA:573,84,0,0
BRDA:573,84,1,0
BRDA:575,85,0,0
BRDA:585,86,0,5
BRF:137
BRH:91
end_of_record
